{"type":"server-started","port":58051,"host":"127.0.0.1","url_host":"localhost","url":"http://localhost:58051","screen_dir":"/mnt/e/_Projects/Spendly/.superpowers/brainstorm/3791-1774295079"}
{"type":"screen-added","file":"/mnt/e/_Projects/Spendly/.superpowers/brainstorm/3791-1774295079/theme-style.html"}
{"source":"user-event","type":"click","text":"A\n    \n      Samo accent boja se menja\n      Background ostaje isti (beli/tamni), menja se samo accent boja (plava → zelena, ljubičasta, narandžasta...). Najčistiji pristup, lako za implementaciju.","choice":"a","id":null,"timestamp":1774295134627}
{"source":"user-event","type":"click","text":"B\n    \n      Kompletne teme — boja + background\n      Svaka tema ima potpuno drugačiji \"vibe\" — različit background, surface, border, accent. Npr. \"Midnight Purple\", \"Forest Green\", \"Warm Sand\". Izgleda premium, ali je više posla za dizajn.","choice":"b","id":null,"timestamp":1774295135559}
{"source":"user-event","type":"click","text":"A\n    \n      Samo accent boja se menja\n      Background ostaje isti (beli/tamni), menja se samo accent boja (plava → zelena, ljubičasta, narandžasta...). Najčistiji pristup, lako za implementaciju.","choice":"a","id":null,"timestamp":1774295137628}
{"source":"user-event","type":"click","text":"C\n    \n      Miks — accent varijante + par specijalnih tema\n      Većina tema su \"accent only\" (brže se prave), plus 2-3 premium teme sa kompletno drugačijim background-om i atmosferom. Najbolji balans effort vs variety.\n      \n        \n        \n        \n        \n        +","choice":"c","id":null,"timestamp":1774295138126}
{"source":"user-event","type":"click","text":"B\n    \n      Kompletne teme — boja + background\n      Svaka tema ima potpuno drugačiji \"vibe\" — različit background, surface, border, accent. Npr. \"Midnight Purple\", \"Forest Green\", \"Warm Sand\". Izgleda premium, ali je više posla za dizajn.","choice":"b","id":null,"timestamp":1774295173551}
{"source":"user-event","type":"click","text":"A\n    \n      Samo accent boja se menja\n      Background ostaje isti (beli/tamni), menja se samo accent boja (plava → zelena, ljubičasta, narandžasta...). Najčistiji pristup, lako za implementaciju.","choice":"a","id":null,"timestamp":1774295174127}
{"source":"user-event","type":"click","text":"C\n    \n      Miks — accent varijante + par specijalnih tema\n      Većina tema su \"accent only\" (brže se prave), plus 2-3 premium teme sa kompletno drugačijim background-om i atmosferom. Najbolji balans effort vs variety.\n      \n        \n        \n        \n        \n        +","choice":"c","id":null,"timestamp":1774295174707}
{"type":"screen-added","file":"/mnt/e/_Projects/Spendly/.superpowers/brainstorm/3791-1774295079/accent-colors.html"}
{"source":"user-event","type":"click","text":"●\n    \n      Blue (trenutna)\n      \n        Button\n        Badge\n        \n        Link","choice":"blue","id":null,"timestamp":1774295334423}
{"source":"user-event","type":"click","text":"●\n    \n      Emerald\n      \n        Button\n        Badge\n        \n        Link","choice":"emerald","id":null,"timestamp":1774295334884}
{"source":"user-event","type":"click","text":"●\n    \n      Violet\n      \n        Button\n        Badge\n        \n        Link","choice":"violet","id":null,"timestamp":1774295337549}
{"source":"user-event","type":"click","text":"●\n    \n      Amber\n      \n        Button\n        Badge\n        \n        Link","choice":"amber","id":null,"timestamp":1774295338209}
{"source":"user-event","type":"click","text":"●\n    \n      Rose\n      \n        Button\n        Badge\n        \n        Link","choice":"rose","id":null,"timestamp":1774295338890}
{"source":"user-event","type":"click","text":"●\n    \n      Blue (trenutna)\n      \n        Button\n        Badge\n        \n        Link","choice":"blue","id":null,"timestamp":1774295353245}
{"source":"user-event","type":"click","text":"●\n    \n      Emerald\n      \n        Button\n        Badge\n        \n        Link","choice":"emerald","id":null,"timestamp":1774295353761}
{"source":"user-event","type":"click","text":"●\n    \n      Violet\n      \n        Button\n        Badge\n        \n        Link","choice":"violet","id":null,"timestamp":1774295354608}
{"source":"user-event","type":"click","text":"●\n    \n      Amber\n      \n        Button\n        Badge\n        \n        Link","choice":"amber","id":null,"timestamp":1774295354997}
{"source":"user-event","type":"click","text":"●\n    \n      Rose\n      \n        Button\n        Badge\n        \n        Link","choice":"rose","id":null,"timestamp":1774295355408}
{"type":"screen-added","file":"/mnt/e/_Projects/Spendly/.superpowers/brainstorm/3791-1774295079/violet-preview.html"}
{"type":"server-stopped","reason":"idle timeout"}
